1565110261508	mozrunner::runner	INFO	Running command: "/Applications/Firefox.app/Contents/MacOS/firefox-bin" "-marionette" "-foreground" "-no-remote" "-profile" "/var/folders/wl/t9dwvtn56d5f37ng1sz3xyr40000gn/T/rust_mozprofile.ifWJ4cIqbheT"
1565110261938	addons.webextension.screenshots@mozilla.org	WARN	Loading extension 'screenshots@mozilla.org': Reading manifest: Invalid extension permission: mozillaAddons
1565110261938	addons.webextension.screenshots@mozilla.org	WARN	Loading extension 'screenshots@mozilla.org': Reading manifest: Invalid extension permission: telemetry
1565110261939	addons.webextension.screenshots@mozilla.org	WARN	Loading extension 'screenshots@mozilla.org': Reading manifest: Invalid extension permission: resource://pdf.js/
1565110261939	addons.webextension.screenshots@mozilla.org	WARN	Loading extension 'screenshots@mozilla.org': Reading manifest: Invalid extension permission: about:reader*
1565110263544	Marionette	INFO	Listening on port 58139
1565110263581	Marionette	WARN	TLS certificate errors will be ignored for this session
1565110284312	Marionette	INFO	Stopped listening on port 58139
1565110589218	mozrunner::runner	INFO	Running command: "/Applications/Firefox.app/Contents/MacOS/firefox-bin" "-marionette" "-foreground" "-no-remote" "-profile" "/var/folders/wl/t9dwvtn56d5f37ng1sz3xyr40000gn/T/rust_mozprofile.aBzvh5LIttZt"
1565110589668	addons.webextension.screenshots@mozilla.org	WARN	Loading extension 'screenshots@mozilla.org': Reading manifest: Invalid extension permission: mozillaAddons
1565110589668	addons.webextension.screenshots@mozilla.org	WARN	Loading extension 'screenshots@mozilla.org': Reading manifest: Invalid extension permission: telemetry
1565110589668	addons.webextension.screenshots@mozilla.org	WARN	Loading extension 'screenshots@mozilla.org': Reading manifest: Invalid extension permission: resource://pdf.js/
1565110589668	addons.webextension.screenshots@mozilla.org	WARN	Loading extension 'screenshots@mozilla.org': Reading manifest: Invalid extension permission: about:reader*
1565110591395	Marionette	INFO	Listening on port 58205
1565110591401	Marionette	WARN	TLS certificate errors will be ignored for this session
1565110987405	mozrunner::runner	INFO	Running command: "/Applications/Firefox.app/Contents/MacOS/firefox-bin" "-marionette" "-foreground" "-no-remote" "-profile" "/var/folders/wl/t9dwvtn56d5f37ng1sz3xyr40000gn/T/rust_mozprofile.Ua0RK2NOceLM"
1565110987849	addons.webextension.screenshots@mozilla.org	WARN	Loading extension 'screenshots@mozilla.org': Reading manifest: Invalid extension permission: mozillaAddons
1565110987849	addons.webextension.screenshots@mozilla.org	WARN	Loading extension 'screenshots@mozilla.org': Reading manifest: Invalid extension permission: telemetry
1565110987849	addons.webextension.screenshots@mozilla.org	WARN	Loading extension 'screenshots@mozilla.org': Reading manifest: Invalid extension permission: resource://pdf.js/
1565110987849	addons.webextension.screenshots@mozilla.org	WARN	Loading extension 'screenshots@mozilla.org': Reading manifest: Invalid extension permission: about:reader*
1565110989625	Marionette	INFO	Listening on port 58285
1565110989700	Marionette	WARN	TLS certificate errors will be ignored for this session
1565111006013	Marionette	INFO	Stopped listening on port 58285
1565111008946	Marionette	INFO	Stopped listening on port 58205
1565111298307	mozrunner::runner	INFO	Running command: "/Applications/Firefox.app/Contents/MacOS/firefox-bin" "-marionette" "-foreground" "-no-remote" "-profile" "/var/folders/wl/t9dwvtn56d5f37ng1sz3xyr40000gn/T/rust_mozprofile.N4wDGJ6uV62b"
1565111298774	addons.webextension.screenshots@mozilla.org	WARN	Loading extension 'screenshots@mozilla.org': Reading manifest: Invalid extension permission: mozillaAddons
1565111298774	addons.webextension.screenshots@mozilla.org	WARN	Loading extension 'screenshots@mozilla.org': Reading manifest: Invalid extension permission: telemetry
1565111298774	addons.webextension.screenshots@mozilla.org	WARN	Loading extension 'screenshots@mozilla.org': Reading manifest: Invalid extension permission: resource://pdf.js/
1565111298775	addons.webextension.screenshots@mozilla.org	WARN	Loading extension 'screenshots@mozilla.org': Reading manifest: Invalid extension permission: about:reader*
1565111300538	Marionette	INFO	Listening on port 58412
1565111300596	Marionette	WARN	TLS certificate errors will be ignored for this session
1565111306937	Marionette	INFO	Stopped listening on port 58412
1565111376555	mozrunner::runner	INFO	Running command: "/Applications/Firefox.app/Contents/MacOS/firefox-bin" "-marionette" "-foreground" "-no-remote" "-profile" "/var/folders/wl/t9dwvtn56d5f37ng1sz3xyr40000gn/T/rust_mozprofile.Ux8w3tXQjYvU"
1565111376980	addons.webextension.screenshots@mozilla.org	WARN	Loading extension 'screenshots@mozilla.org': Reading manifest: Invalid extension permission: mozillaAddons
1565111376980	addons.webextension.screenshots@mozilla.org	WARN	Loading extension 'screenshots@mozilla.org': Reading manifest: Invalid extension permission: telemetry
1565111376980	addons.webextension.screenshots@mozilla.org	WARN	Loading extension 'screenshots@mozilla.org': Reading manifest: Invalid extension permission: resource://pdf.js/
1565111376980	addons.webextension.screenshots@mozilla.org	WARN	Loading extension 'screenshots@mozilla.org': Reading manifest: Invalid extension permission: about:reader*
1565111378585	Marionette	INFO	Listening on port 58470
1565111378623	Marionette	WARN	TLS certificate errors will be ignored for this session
1565111387911	Marionette	INFO	Stopped listening on port 58470
1565111616127	mozrunner::runner	INFO	Running command: "/Applications/Firefox.app/Contents/MacOS/firefox-bin" "-marionette" "-foreground" "-no-remote" "-profile" "/var/folders/wl/t9dwvtn56d5f37ng1sz3xyr40000gn/T/rust_mozprofile.flseWHOEPqNE"
1565111616584	addons.webextension.screenshots@mozilla.org	WARN	Loading extension 'screenshots@mozilla.org': Reading manifest: Invalid extension permission: mozillaAddons
1565111616584	addons.webextension.screenshots@mozilla.org	WARN	Loading extension 'screenshots@mozilla.org': Reading manifest: Invalid extension permission: telemetry
1565111616584	addons.webextension.screenshots@mozilla.org	WARN	Loading extension 'screenshots@mozilla.org': Reading manifest: Invalid extension permission: resource://pdf.js/
1565111616584	addons.webextension.screenshots@mozilla.org	WARN	Loading extension 'screenshots@mozilla.org': Reading manifest: Invalid extension permission: about:reader*
1565111618182	Marionette	INFO	Listening on port 58642
1565111618198	Marionette	WARN	TLS certificate errors will be ignored for this session
1565111644367	Marionette	INFO	Stopped listening on port 58642
1565111646337	mozrunner::runner	INFO	Running command: "/Applications/Firefox.app/Contents/MacOS/firefox-bin" "-marionette" "-foreground" "-no-remote" "-profile" "/var/folders/wl/t9dwvtn56d5f37ng1sz3xyr40000gn/T/rust_mozprofile.chnQALYioak3"
1565111646788	addons.webextension.screenshots@mozilla.org	WARN	Loading extension 'screenshots@mozilla.org': Reading manifest: Invalid extension permission: mozillaAddons
1565111646789	addons.webextension.screenshots@mozilla.org	WARN	Loading extension 'screenshots@mozilla.org': Reading manifest: Invalid extension permission: telemetry
1565111646789	addons.webextension.screenshots@mozilla.org	WARN	Loading extension 'screenshots@mozilla.org': Reading manifest: Invalid extension permission: resource://pdf.js/
1565111646789	addons.webextension.screenshots@mozilla.org	WARN	Loading extension 'screenshots@mozilla.org': Reading manifest: Invalid extension permission: about:reader*
1565111648517	Marionette	INFO	Listening on port 58700
1565111648521	Marionette	WARN	TLS certificate errors will be ignored for this session
1565111665888	mozrunner::runner	INFO	Running command: "/Applications/Firefox.app/Contents/MacOS/firefox-bin" "-marionette" "-foreground" "-no-remote" "-profile" "/var/folders/wl/t9dwvtn56d5f37ng1sz3xyr40000gn/T/rust_mozprofile.oW8Sa2KUWkDJ"
1565111666320	addons.webextension.screenshots@mozilla.org	WARN	Loading extension 'screenshots@mozilla.org': Reading manifest: Invalid extension permission: mozillaAddons
1565111666320	addons.webextension.screenshots@mozilla.org	WARN	Loading extension 'screenshots@mozilla.org': Reading manifest: Invalid extension permission: telemetry
1565111666320	addons.webextension.screenshots@mozilla.org	WARN	Loading extension 'screenshots@mozilla.org': Reading manifest: Invalid extension permission: resource://pdf.js/
1565111666320	addons.webextension.screenshots@mozilla.org	WARN	Loading extension 'screenshots@mozilla.org': Reading manifest: Invalid extension permission: about:reader*
1565111667926	Marionette	INFO	Listening on port 58761
1565111667954	Marionette	WARN	TLS certificate errors will be ignored for this session
1565111694621	Marionette	INFO	Stopped listening on port 58761
1565111697905	Marionette	INFO	Stopped listening on port 58700
1565111702977	mozrunner::runner	INFO	Running command: "/Applications/Firefox.app/Contents/MacOS/firefox-bin" "-marionette" "-foreground" "-no-remote" "-profile" "/var/folders/wl/t9dwvtn56d5f37ng1sz3xyr40000gn/T/rust_mozprofile.fsApPYuGdTCw"
1565111703430	addons.webextension.screenshots@mozilla.org	WARN	Loading extension 'screenshots@mozilla.org': Reading manifest: Invalid extension permission: mozillaAddons
1565111703430	addons.webextension.screenshots@mozilla.org	WARN	Loading extension 'screenshots@mozilla.org': Reading manifest: Invalid extension permission: telemetry
1565111703431	addons.webextension.screenshots@mozilla.org	WARN	Loading extension 'screenshots@mozilla.org': Reading manifest: Invalid extension permission: resource://pdf.js/
1565111703431	addons.webextension.screenshots@mozilla.org	WARN	Loading extension 'screenshots@mozilla.org': Reading manifest: Invalid extension permission: about:reader*
1565111705107	Marionette	INFO	Listening on port 58827
1565111705157	Marionette	WARN	TLS certificate errors will be ignored for this session
1565111713724	Marionette	INFO	Stopped listening on port 58827
1565111967446	mozrunner::runner	INFO	Running command: "/Applications/Firefox.app/Contents/MacOS/firefox-bin" "-marionette" "-foreground" "-no-remote" "-profile" "/var/folders/wl/t9dwvtn56d5f37ng1sz3xyr40000gn/T/rust_mozprofile.PcZLEokWi11M"
1565111967860	addons.webextension.screenshots@mozilla.org	WARN	Loading extension 'screenshots@mozilla.org': Reading manifest: Invalid extension permission: mozillaAddons
1565111967861	addons.webextension.screenshots@mozilla.org	WARN	Loading extension 'screenshots@mozilla.org': Reading manifest: Invalid extension permission: telemetry
1565111967861	addons.webextension.screenshots@mozilla.org	WARN	Loading extension 'screenshots@mozilla.org': Reading manifest: Invalid extension permission: resource://pdf.js/
1565111967861	addons.webextension.screenshots@mozilla.org	WARN	Loading extension 'screenshots@mozilla.org': Reading manifest: Invalid extension permission: about:reader*
1565111969417	Marionette	INFO	Listening on port 58895
1565111969522	Marionette	WARN	TLS certificate errors will be ignored for this session
1565111975906	Marionette	INFO	Stopped listening on port 58895
1565111979390	mozrunner::runner	INFO	Running command: "/Applications/Firefox.app/Contents/MacOS/firefox-bin" "-marionette" "-foreground" "-no-remote" "-profile" "/var/folders/wl/t9dwvtn56d5f37ng1sz3xyr40000gn/T/rust_mozprofile.EeE3bjJu7x6X"
1565111979858	addons.webextension.screenshots@mozilla.org	WARN	Loading extension 'screenshots@mozilla.org': Reading manifest: Invalid extension permission: mozillaAddons
1565111979858	addons.webextension.screenshots@mozilla.org	WARN	Loading extension 'screenshots@mozilla.org': Reading manifest: Invalid extension permission: telemetry
1565111979858	addons.webextension.screenshots@mozilla.org	WARN	Loading extension 'screenshots@mozilla.org': Reading manifest: Invalid extension permission: resource://pdf.js/
1565111979858	addons.webextension.screenshots@mozilla.org	WARN	Loading extension 'screenshots@mozilla.org': Reading manifest: Invalid extension permission: about:reader*
1565111981610	Marionette	INFO	Listening on port 58950
1565111981677	Marionette	WARN	TLS certificate errors will be ignored for this session
JavaScript error: https://wwcdn.weixin.qq.com/node/wwmng/wwmng/js/var/global$0167bbbd.js_db/Y70Yf00000W20X/W23XYgW4XY3001W6X/W23XY10000W11X/Yg0000W8XYc0000W6XYo00000ZYg000ZY5u002c1000000ZY80W11X/W27XY20W6XY800/ZZZY80W16XY8000ZY60W8XY11o00000ZZ/Yo000ZZY400Y16o000W10XYg0000Yg000W11XY800c4q1000000Y81ZZYo04000Z/W6XY8ZZY3k0000ZYg00Y8000W11XYl000ZY1a0002Y886m58Y24at0Y802440ZZZY2Ym00000/V.js, line 560: TypeError: this.options.party is undefined
1565111991255	Marionette	INFO	Stopped listening on port 58950
1565112019430	mozrunner::runner	INFO	Running command: "/Applications/Firefox.app/Contents/MacOS/firefox-bin" "-marionette" "-foreground" "-no-remote" "-profile" "/var/folders/wl/t9dwvtn56d5f37ng1sz3xyr40000gn/T/rust_mozprofile.YUKFiSHC4xKp"
1565112019840	addons.webextension.screenshots@mozilla.org	WARN	Loading extension 'screenshots@mozilla.org': Reading manifest: Invalid extension permission: mozillaAddons
1565112019840	addons.webextension.screenshots@mozilla.org	WARN	Loading extension 'screenshots@mozilla.org': Reading manifest: Invalid extension permission: telemetry
1565112019840	addons.webextension.screenshots@mozilla.org	WARN	Loading extension 'screenshots@mozilla.org': Reading manifest: Invalid extension permission: resource://pdf.js/
1565112019840	addons.webextension.screenshots@mozilla.org	WARN	Loading extension 'screenshots@mozilla.org': Reading manifest: Invalid extension permission: about:reader*
1565112021546	Marionette	INFO	Listening on port 59014
1565112021608	Marionette	WARN	TLS certificate errors will be ignored for this session
1565112030627	Marionette	INFO	Stopped listening on port 59014
1565112034119	mozrunner::runner	INFO	Running command: "/Applications/Firefox.app/Contents/MacOS/firefox-bin" "-marionette" "-foreground" "-no-remote" "-profile" "/var/folders/wl/t9dwvtn56d5f37ng1sz3xyr40000gn/T/rust_mozprofile.mlmpJsdDRLLJ"
1565112034561	addons.webextension.screenshots@mozilla.org	WARN	Loading extension 'screenshots@mozilla.org': Reading manifest: Invalid extension permission: mozillaAddons
1565112034561	addons.webextension.screenshots@mozilla.org	WARN	Loading extension 'screenshots@mozilla.org': Reading manifest: Invalid extension permission: telemetry
1565112034561	addons.webextension.screenshots@mozilla.org	WARN	Loading extension 'screenshots@mozilla.org': Reading manifest: Invalid extension permission: resource://pdf.js/
1565112034561	addons.webextension.screenshots@mozilla.org	WARN	Loading extension 'screenshots@mozilla.org': Reading manifest: Invalid extension permission: about:reader*
1565112036296	Marionette	INFO	Listening on port 59071
1565112036386	Marionette	WARN	TLS certificate errors will be ignored for this session
1565112044889	Marionette	INFO	Stopped listening on port 59071
1565112565412	mozrunner::runner	INFO	Running command: "/Applications/Firefox.app/Contents/MacOS/firefox-bin" "-marionette" "-foreground" "-no-remote" "-profile" "/var/folders/wl/t9dwvtn56d5f37ng1sz3xyr40000gn/T/rust_mozprofile.jN8IOLNFKyLR"
1565112565843	addons.webextension.screenshots@mozilla.org	WARN	Loading extension 'screenshots@mozilla.org': Reading manifest: Invalid extension permission: mozillaAddons
1565112565843	addons.webextension.screenshots@mozilla.org	WARN	Loading extension 'screenshots@mozilla.org': Reading manifest: Invalid extension permission: telemetry
1565112565843	addons.webextension.screenshots@mozilla.org	WARN	Loading extension 'screenshots@mozilla.org': Reading manifest: Invalid extension permission: resource://pdf.js/
1565112565843	addons.webextension.screenshots@mozilla.org	WARN	Loading extension 'screenshots@mozilla.org': Reading manifest: Invalid extension permission: about:reader*
1565112567394	Marionette	INFO	Listening on port 59152
1565112567489	Marionette	WARN	TLS certificate errors will be ignored for this session
1565112573936	Marionette	INFO	Stopped listening on port 59152
1565112584724	mozrunner::runner	INFO	Running command: "/Applications/Firefox.app/Contents/MacOS/firefox-bin" "-marionette" "-foreground" "-no-remote" "-profile" "/var/folders/wl/t9dwvtn56d5f37ng1sz3xyr40000gn/T/rust_mozprofile.o8fnfMrbCFiF"
1565112585139	addons.webextension.screenshots@mozilla.org	WARN	Loading extension 'screenshots@mozilla.org': Reading manifest: Invalid extension permission: mozillaAddons
1565112585140	addons.webextension.screenshots@mozilla.org	WARN	Loading extension 'screenshots@mozilla.org': Reading manifest: Invalid extension permission: telemetry
1565112585140	addons.webextension.screenshots@mozilla.org	WARN	Loading extension 'screenshots@mozilla.org': Reading manifest: Invalid extension permission: resource://pdf.js/
1565112585140	addons.webextension.screenshots@mozilla.org	WARN	Loading extension 'screenshots@mozilla.org': Reading manifest: Invalid extension permission: about:reader*
1565112586735	Marionette	INFO	Listening on port 59208
1565112586797	Marionette	WARN	TLS certificate errors will be ignored for this session
JavaScript error: https://wwcdn.weixin.qq.com/node/wwmng/wwmng/js/var/global$0167bbbd.js_db/Y70Yf00000W20X/W23XYgW4XY3001W6X/W23XY10000W11X/Yg0000W8XYc0000W6XYo00000ZYg000ZY5u002c1000000ZY80W11X/W27XY20W6XY800/ZZZY80W16XY8000ZY60W8XY11o00000ZZ/Yo000ZZY400Y16o000W10XYg0000Yg000W11XY800c4q1000000Y81ZZYo04000Z/W6XY8ZZY3k0000ZYg00Y8000W11XYl000ZY1a0002Y886m58Y24at0Y802440ZZZY2Ym00000/V.js, line 560: TypeError: this.options.party is undefined
1565112596138	Marionette	INFO	Stopped listening on port 59208
1565112607615	mozrunner::runner	INFO	Running command: "/Applications/Firefox.app/Contents/MacOS/firefox-bin" "-marionette" "-foreground" "-no-remote" "-profile" "/var/folders/wl/t9dwvtn56d5f37ng1sz3xyr40000gn/T/rust_mozprofile.0B6Q5nxw795s"
1565112608030	addons.webextension.screenshots@mozilla.org	WARN	Loading extension 'screenshots@mozilla.org': Reading manifest: Invalid extension permission: mozillaAddons
1565112608030	addons.webextension.screenshots@mozilla.org	WARN	Loading extension 'screenshots@mozilla.org': Reading manifest: Invalid extension permission: telemetry
1565112608030	addons.webextension.screenshots@mozilla.org	WARN	Loading extension 'screenshots@mozilla.org': Reading manifest: Invalid extension permission: resource://pdf.js/
1565112608031	addons.webextension.screenshots@mozilla.org	WARN	Loading extension 'screenshots@mozilla.org': Reading manifest: Invalid extension permission: about:reader*
1565112609612	Marionette	INFO	Listening on port 59268
1565112609699	Marionette	WARN	TLS certificate errors will be ignored for this session
1565112616188	Marionette	INFO	Stopped listening on port 59268
1565112620711	mozrunner::runner	INFO	Running command: "/Applications/Firefox.app/Contents/MacOS/firefox-bin" "-marionette" "-foreground" "-no-remote" "-profile" "/var/folders/wl/t9dwvtn56d5f37ng1sz3xyr40000gn/T/rust_mozprofile.wdk7w6RaHM5l"
1565112621117	addons.webextension.screenshots@mozilla.org	WARN	Loading extension 'screenshots@mozilla.org': Reading manifest: Invalid extension permission: mozillaAddons
1565112621117	addons.webextension.screenshots@mozilla.org	WARN	Loading extension 'screenshots@mozilla.org': Reading manifest: Invalid extension permission: telemetry
1565112621117	addons.webextension.screenshots@mozilla.org	WARN	Loading extension 'screenshots@mozilla.org': Reading manifest: Invalid extension permission: resource://pdf.js/
1565112621117	addons.webextension.screenshots@mozilla.org	WARN	Loading extension 'screenshots@mozilla.org': Reading manifest: Invalid extension permission: about:reader*
1565112622691	Marionette	INFO	Listening on port 59325
1565112622783	Marionette	WARN	TLS certificate errors will be ignored for this session
1565112631277	Marionette	INFO	Stopped listening on port 59325
1565112650859	mozrunner::runner	INFO	Running command: "/Applications/Firefox.app/Contents/MacOS/firefox-bin" "-marionette" "-foreground" "-no-remote" "-profile" "/var/folders/wl/t9dwvtn56d5f37ng1sz3xyr40000gn/T/rust_mozprofile.hYPqE8hYsWlP"
1565112651265	addons.webextension.screenshots@mozilla.org	WARN	Loading extension 'screenshots@mozilla.org': Reading manifest: Invalid extension permission: mozillaAddons
1565112651266	addons.webextension.screenshots@mozilla.org	WARN	Loading extension 'screenshots@mozilla.org': Reading manifest: Invalid extension permission: telemetry
1565112651266	addons.webextension.screenshots@mozilla.org	WARN	Loading extension 'screenshots@mozilla.org': Reading manifest: Invalid extension permission: resource://pdf.js/
1565112651266	addons.webextension.screenshots@mozilla.org	WARN	Loading extension 'screenshots@mozilla.org': Reading manifest: Invalid extension permission: about:reader*
1565112652932	Marionette	INFO	Listening on port 59382
1565112652939	Marionette	WARN	TLS certificate errors will be ignored for this session
1565112661349	Marionette	INFO	Stopped listening on port 59382
1565112664851	mozrunner::runner	INFO	Running command: "/Applications/Firefox.app/Contents/MacOS/firefox-bin" "-marionette" "-foreground" "-no-remote" "-profile" "/var/folders/wl/t9dwvtn56d5f37ng1sz3xyr40000gn/T/rust_mozprofile.RUfbO9Nx1WHA"
1565112665255	addons.webextension.screenshots@mozilla.org	WARN	Loading extension 'screenshots@mozilla.org': Reading manifest: Invalid extension permission: mozillaAddons
1565112665255	addons.webextension.screenshots@mozilla.org	WARN	Loading extension 'screenshots@mozilla.org': Reading manifest: Invalid extension permission: telemetry
1565112665255	addons.webextension.screenshots@mozilla.org	WARN	Loading extension 'screenshots@mozilla.org': Reading manifest: Invalid extension permission: resource://pdf.js/
1565112665255	addons.webextension.screenshots@mozilla.org	WARN	Loading extension 'screenshots@mozilla.org': Reading manifest: Invalid extension permission: about:reader*
1565112666839	Marionette	INFO	Listening on port 59439
1565112666923	Marionette	WARN	TLS certificate errors will be ignored for this session
1565112673674	Marionette	INFO	Stopped listening on port 59439
1565112713681	mozrunner::runner	INFO	Running command: "/Applications/Firefox.app/Contents/MacOS/firefox-bin" "-marionette" "-foreground" "-no-remote" "-profile" "/var/folders/wl/t9dwvtn56d5f37ng1sz3xyr40000gn/T/rust_mozprofile.ibgALqkiMnqY"
1565112714084	addons.webextension.screenshots@mozilla.org	WARN	Loading extension 'screenshots@mozilla.org': Reading manifest: Invalid extension permission: mozillaAddons
1565112714084	addons.webextension.screenshots@mozilla.org	WARN	Loading extension 'screenshots@mozilla.org': Reading manifest: Invalid extension permission: telemetry
1565112714084	addons.webextension.screenshots@mozilla.org	WARN	Loading extension 'screenshots@mozilla.org': Reading manifest: Invalid extension permission: resource://pdf.js/
1565112714084	addons.webextension.screenshots@mozilla.org	WARN	Loading extension 'screenshots@mozilla.org': Reading manifest: Invalid extension permission: about:reader*
1565112715634	Marionette	INFO	Listening on port 59498
1565112715663	Marionette	WARN	TLS certificate errors will be ignored for this session
JavaScript error: https://wwcdn.weixin.qq.com/node/wwmng/wwmng/js/var/global$0167bbbd.js_db/Y70Yf00000W20X/W23XYgW4XY3001W6X/W23XY10000W11X/Yg0000W8XYc0000W6XYo00000ZYg000ZY5u002c1000000ZY80W11X/W27XY20W6XY800/ZZZY80W16XY8000ZY60W8XY11o00000ZZ/Yo000ZZY400Y16o000W10XYg0000Yg000W11XY800c4q1000000Y81ZZYo04000Z/W6XY8ZZY3k0000ZYg00Y8000W11XYl000ZY1a0002Y886m58Y24at0Y802440ZZZY2Ym00000/V.js, line 560: TypeError: this.options.party is undefined
1565112724991	Marionette	INFO	Stopped listening on port 59498
1565112729523	mozrunner::runner	INFO	Running command: "/Applications/Firefox.app/Contents/MacOS/firefox-bin" "-marionette" "-foreground" "-no-remote" "-profile" "/var/folders/wl/t9dwvtn56d5f37ng1sz3xyr40000gn/T/rust_mozprofile.VknsUEFlx1Qc"
1565112729922	addons.webextension.screenshots@mozilla.org	WARN	Loading extension 'screenshots@mozilla.org': Reading manifest: Invalid extension permission: mozillaAddons
1565112729923	addons.webextension.screenshots@mozilla.org	WARN	Loading extension 'screenshots@mozilla.org': Reading manifest: Invalid extension permission: telemetry
1565112729923	addons.webextension.screenshots@mozilla.org	WARN	Loading extension 'screenshots@mozilla.org': Reading manifest: Invalid extension permission: resource://pdf.js/
1565112729923	addons.webextension.screenshots@mozilla.org	WARN	Loading extension 'screenshots@mozilla.org': Reading manifest: Invalid extension permission: about:reader*
1565112731489	Marionette	INFO	Listening on port 59559
1565112731595	Marionette	WARN	TLS certificate errors will be ignored for this session
JavaScript error: https://wwcdn.weixin.qq.com/node/wwmng/wwmng/js/var/global$0167bbbd.js_db/Y800W11XY310000W8XY200W13X/Y1bg0W29XY80W4X/Y1g0000W34X/W17XYe0000W17X/W14XYg00Y400000W11XYo000Y300ZZZYg0000ZZ/W20XY20gu0gW11XY400000ZZ/W11XY80000ZY2000ZY1000W4XY100Yo00000W7XY400ZZYgZZ/W11XY8Y20000eY7g00ZZZY1e0ZY4006Yg00000ZY8Y800000Yhg031aY288000Z1g00000Yc0000Yg0W5X/V.js, line 15: TypeError: c is undefined
1565112740802	Marionette	INFO	Stopped listening on port 59559
1565112777802	mozrunner::runner	INFO	Running command: "/Applications/Firefox.app/Contents/MacOS/firefox-bin" "-marionette" "-foreground" "-no-remote" "-profile" "/var/folders/wl/t9dwvtn56d5f37ng1sz3xyr40000gn/T/rust_mozprofile.kP2vNvUKWZYd"
1565112778265	addons.webextension.screenshots@mozilla.org	WARN	Loading extension 'screenshots@mozilla.org': Reading manifest: Invalid extension permission: mozillaAddons
1565112778265	addons.webextension.screenshots@mozilla.org	WARN	Loading extension 'screenshots@mozilla.org': Reading manifest: Invalid extension permission: telemetry
1565112778265	addons.webextension.screenshots@mozilla.org	WARN	Loading extension 'screenshots@mozilla.org': Reading manifest: Invalid extension permission: resource://pdf.js/
1565112778265	addons.webextension.screenshots@mozilla.org	WARN	Loading extension 'screenshots@mozilla.org': Reading manifest: Invalid extension permission: about:reader*
1565112779986	Marionette	INFO	Listening on port 59617
1565112780084	Marionette	WARN	TLS certificate errors will be ignored for this session
JavaScript error: https://wwcdn.weixin.qq.com/node/wwmng/wwmng/js/var/global$0167bbbd.js_db/Y800W11XY310000W8XY200W13X/Y1bg0W29XY80W4X/Y1g0000W34X/W17XYe0000W17X/W14XYg00Y400000W11XYo000Y300ZZZYg0000ZZ/W20XY20gu0gW11XY400000ZZ/W11XY80000ZY2000ZY1000W4XY100Yo00000W7XY400ZZYgZZ/W11XY8Y20000eY7g00ZZZY1e0ZY4006Yg00000ZY8Y800000Yhg031aY288000Z1g00000Yc0000Yg0W5X/V.js, line 15: TypeError: c is undefined
1565112789479	Marionette	INFO	Stopped listening on port 59617
1565112792967	mozrunner::runner	INFO	Running command: "/Applications/Firefox.app/Contents/MacOS/firefox-bin" "-marionette" "-foreground" "-no-remote" "-profile" "/var/folders/wl/t9dwvtn56d5f37ng1sz3xyr40000gn/T/rust_mozprofile.ljgz8HIQOIXI"
1565112793382	addons.webextension.screenshots@mozilla.org	WARN	Loading extension 'screenshots@mozilla.org': Reading manifest: Invalid extension permission: mozillaAddons
1565112793382	addons.webextension.screenshots@mozilla.org	WARN	Loading extension 'screenshots@mozilla.org': Reading manifest: Invalid extension permission: telemetry
1565112793382	addons.webextension.screenshots@mozilla.org	WARN	Loading extension 'screenshots@mozilla.org': Reading manifest: Invalid extension permission: resource://pdf.js/
1565112793382	addons.webextension.screenshots@mozilla.org	WARN	Loading extension 'screenshots@mozilla.org': Reading manifest: Invalid extension permission: about:reader*
1565112794978	Marionette	INFO	Listening on port 59679
1565112795038	Marionette	WARN	TLS certificate errors will be ignored for this session
1565112804068	Marionette	INFO	Stopped listening on port 59679
1565112912247	mozrunner::runner	INFO	Running command: "/Applications/Firefox.app/Contents/MacOS/firefox-bin" "-marionette" "-foreground" "-no-remote" "-profile" "/var/folders/wl/t9dwvtn56d5f37ng1sz3xyr40000gn/T/rust_mozprofile.HIGp6wpAIxO3"
1565112912684	addons.webextension.screenshots@mozilla.org	WARN	Loading extension 'screenshots@mozilla.org': Reading manifest: Invalid extension permission: mozillaAddons
1565112912684	addons.webextension.screenshots@mozilla.org	WARN	Loading extension 'screenshots@mozilla.org': Reading manifest: Invalid extension permission: telemetry
1565112912684	addons.webextension.screenshots@mozilla.org	WARN	Loading extension 'screenshots@mozilla.org': Reading manifest: Invalid extension permission: resource://pdf.js/
1565112912684	addons.webextension.screenshots@mozilla.org	WARN	Loading extension 'screenshots@mozilla.org': Reading manifest: Invalid extension permission: about:reader*
1565112914326	Marionette	INFO	Listening on port 59855
1565112914423	Marionette	WARN	TLS certificate errors will be ignored for this session
JavaScript error: https://wwcdn.weixin.qq.com/node/wwmng/wwmng/js/var/global$0167bbbd.js_db/Y800W11XY310000W8XY200W13X/Y1bg0W29XY80W4X/Y1g0000W34X/W17XYe0000W17X/W14XYg00Y400000W11XYo000Y300ZZZYg0000ZZ/W20XY20gu0gW11XY400000ZZ/W11XY80000ZY2000ZY1000W4XY100Yo00000W7XY400ZZYgZZ/W11XY8Y20000eY7g00ZZZY1e0ZY4006Yg00000ZY8Y800000Yhg031aY288000Z1g00000Yc0000Yg0W5X/V.js, line 15: TypeError: c is undefined
1565112923718	Marionette	INFO	Stopped listening on port 59855
1565112928250	mozrunner::runner	INFO	Running command: "/Applications/Firefox.app/Contents/MacOS/firefox-bin" "-marionette" "-foreground" "-no-remote" "-profile" "/var/folders/wl/t9dwvtn56d5f37ng1sz3xyr40000gn/T/rust_mozprofile.UjRWcreN1Dyw"
1565112928676	addons.webextension.screenshots@mozilla.org	WARN	Loading extension 'screenshots@mozilla.org': Reading manifest: Invalid extension permission: mozillaAddons
1565112928676	addons.webextension.screenshots@mozilla.org	WARN	Loading extension 'screenshots@mozilla.org': Reading manifest: Invalid extension permission: telemetry
1565112928676	addons.webextension.screenshots@mozilla.org	WARN	Loading extension 'screenshots@mozilla.org': Reading manifest: Invalid extension permission: resource://pdf.js/
1565112928676	addons.webextension.screenshots@mozilla.org	WARN	Loading extension 'screenshots@mozilla.org': Reading manifest: Invalid extension permission: about:reader*
1565112930323	Marionette	INFO	Listening on port 59912
1565112930431	Marionette	WARN	TLS certificate errors will be ignored for this session
1565112938951	Marionette	INFO	Stopped listening on port 59912
1565112961138	mozrunner::runner	INFO	Running command: "/Applications/Firefox.app/Contents/MacOS/firefox-bin" "-marionette" "-foreground" "-no-remote" "-profile" "/var/folders/wl/t9dwvtn56d5f37ng1sz3xyr40000gn/T/rust_mozprofile.SBZZG0CKMsJ9"
1565112961579	addons.webextension.screenshots@mozilla.org	WARN	Loading extension 'screenshots@mozilla.org': Reading manifest: Invalid extension permission: mozillaAddons
1565112961579	addons.webextension.screenshots@mozilla.org	WARN	Loading extension 'screenshots@mozilla.org': Reading manifest: Invalid extension permission: telemetry
1565112961579	addons.webextension.screenshots@mozilla.org	WARN	Loading extension 'screenshots@mozilla.org': Reading manifest: Invalid extension permission: resource://pdf.js/
1565112961579	addons.webextension.screenshots@mozilla.org	WARN	Loading extension 'screenshots@mozilla.org': Reading manifest: Invalid extension permission: about:reader*
1565112963223	Marionette	INFO	Listening on port 59970
1565112963316	Marionette	WARN	TLS certificate errors will be ignored for this session
JavaScript error: https://wwcdn.weixin.qq.com/node/wwmng/wwmng/js/var/global$0167bbbd.js_db/Y800W11XY310000W8XY200W13X/Y1bg0W29XY80W4X/Y1g0000W34X/W17XYe0000W17X/W14XYg00Y400000W11XYo000Y300ZZZYg0000ZZ/W20XY20gu0gW11XY400000ZZ/W11XY80000ZY2000ZY1000W4XY100Yo00000W7XY400ZZYgZZ/W11XY8Y20000eY7g00ZZZY1e0ZY4006Yg00000ZY8Y800000Yhg031aY288000Z1g00000Yc0000Yg0W5X/V.js, line 15: TypeError: c is undefined
1565112972755	Marionette	INFO	Stopped listening on port 59970
1565113381614	mozrunner::runner	INFO	Running command: "/Applications/Firefox.app/Contents/MacOS/firefox-bin" "-marionette" "-foreground" "-no-remote" "-profile" "/var/folders/wl/t9dwvtn56d5f37ng1sz3xyr40000gn/T/rust_mozprofile.2QKLLgokqQWt"
1565113382084	addons.webextension.screenshots@mozilla.org	WARN	Loading extension 'screenshots@mozilla.org': Reading manifest: Invalid extension permission: mozillaAddons
1565113382084	addons.webextension.screenshots@mozilla.org	WARN	Loading extension 'screenshots@mozilla.org': Reading manifest: Invalid extension permission: telemetry
1565113382084	addons.webextension.screenshots@mozilla.org	WARN	Loading extension 'screenshots@mozilla.org': Reading manifest: Invalid extension permission: resource://pdf.js/
1565113382085	addons.webextension.screenshots@mozilla.org	WARN	Loading extension 'screenshots@mozilla.org': Reading manifest: Invalid extension permission: about:reader*
1565113383863	Marionette	INFO	Listening on port 60188
1565113383902	Marionette	WARN	TLS certificate errors will be ignored for this session
1565113392609	Marionette	INFO	Stopped listening on port 60188
1565114212340	mozrunner::runner	INFO	Running command: "/Applications/Firefox.app/Contents/MacOS/firefox-bin" "-marionette" "-foreground" "-no-remote" "-profile" "/var/folders/wl/t9dwvtn56d5f37ng1sz3xyr40000gn/T/rust_mozprofile.aSD8PZPNsnRu"
1565114212803	addons.webextension.screenshots@mozilla.org	WARN	Loading extension 'screenshots@mozilla.org': Reading manifest: Invalid extension permission: mozillaAddons
1565114212803	addons.webextension.screenshots@mozilla.org	WARN	Loading extension 'screenshots@mozilla.org': Reading manifest: Invalid extension permission: telemetry
1565114212804	addons.webextension.screenshots@mozilla.org	WARN	Loading extension 'screenshots@mozilla.org': Reading manifest: Invalid extension permission: resource://pdf.js/
1565114212804	addons.webextension.screenshots@mozilla.org	WARN	Loading extension 'screenshots@mozilla.org': Reading manifest: Invalid extension permission: about:reader*
1565114214422	Marionette	INFO	Listening on port 60300
1565114214517	Marionette	WARN	TLS certificate errors will be ignored for this session
console.warn: LoginRecipes: "getRecipes: falling back to a synchronous message for:" "https://work.weixin.qq.com"
console.warn: "Error while detaching the thread front: 'detach' request packet to 'server1.conn0.child1/context18' can't be sent as the connection is closed."
console.error: BroadcastService: 
  receivedBroadcastMessage: handler for
  remote-settings/monitor_changes
  threw error:
  Message: Error: Polling for changes failed: http://%(server)s/dummy/blocklist//buckets/monitor/collections/changes/records?_expected=%221565109350441%22 is not a valid URL..
  Stack:
    remoteSettingsFunction/remoteSettings.pollChanges@resource://services-settings/remote-settings.js:201:13

1565114575659	mozrunner::runner	INFO	Running command: "/Applications/Firefox.app/Contents/MacOS/firefox-bin" "-marionette" "-foreground" "-no-remote" "-profile" "/var/folders/wl/t9dwvtn56d5f37ng1sz3xyr40000gn/T/rust_mozprofile.ImE2YBoVrZDB"
1565114576176	addons.webextension.screenshots@mozilla.org	WARN	Loading extension 'screenshots@mozilla.org': Reading manifest: Invalid extension permission: mozillaAddons
1565114576176	addons.webextension.screenshots@mozilla.org	WARN	Loading extension 'screenshots@mozilla.org': Reading manifest: Invalid extension permission: telemetry
1565114576176	addons.webextension.screenshots@mozilla.org	WARN	Loading extension 'screenshots@mozilla.org': Reading manifest: Invalid extension permission: resource://pdf.js/
1565114576176	addons.webextension.screenshots@mozilla.org	WARN	Loading extension 'screenshots@mozilla.org': Reading manifest: Invalid extension permission: about:reader*
1565114577827	Marionette	INFO	Listening on port 60381
1565114577847	Marionette	WARN	TLS certificate errors will be ignored for this session
JavaScript error: https://wwcdn.weixin.qq.com/node/wwmng/wwmng/js/var/global$0167bbbd.js_db/Y800W11XY310000W8XY200W13X/Y1bg0W29XY80W4X/Y1g0000W34X/W17XYe0000W17X/W14XYg00Y400000W11XYo000Y300ZZZYg0000ZZ/W20XY20gu0gW11XY400000ZZ/W11XY80000ZY2000ZY1000W4XY100Yo00000W7XY400ZZYgZZ/W11XY8Y20000eY7g00ZZZY1e0ZY4006Yg00000ZY8Y800000Yhg031aY288000Z1g00000Yc0000Yg0W5X/V.js, line 15: TypeError: c is undefined
console.error: BroadcastService: 
  receivedBroadcastMessage: handler for
  remote-settings/monitor_changes
  threw error:
  Message: Error: Polling for changes failed: http://%(server)s/dummy/blocklist//buckets/monitor/collections/changes/records?_expected=%221565109350441%22 is not a valid URL..
  Stack:
    remoteSettingsFunction/remoteSettings.pollChanges@resource://services-settings/remote-settings.js:201:13

1565114753261	mozrunner::runner	INFO	Running command: "/Applications/Firefox.app/Contents/MacOS/firefox-bin" "-marionette" "-foreground" "-no-remote" "-profile" "/var/folders/wl/t9dwvtn56d5f37ng1sz3xyr40000gn/T/rust_mozprofile.BoOkpA2ic1In"
1565114753696	addons.webextension.screenshots@mozilla.org	WARN	Loading extension 'screenshots@mozilla.org': Reading manifest: Invalid extension permission: mozillaAddons
1565114753697	addons.webextension.screenshots@mozilla.org	WARN	Loading extension 'screenshots@mozilla.org': Reading manifest: Invalid extension permission: telemetry
1565114753697	addons.webextension.screenshots@mozilla.org	WARN	Loading extension 'screenshots@mozilla.org': Reading manifest: Invalid extension permission: resource://pdf.js/
1565114753697	addons.webextension.screenshots@mozilla.org	WARN	Loading extension 'screenshots@mozilla.org': Reading manifest: Invalid extension permission: about:reader*
1565114755275	Marionette	INFO	Listening on port 60454
1565114755337	Marionette	WARN	TLS certificate errors will be ignored for this session
console.error: BroadcastService: 
  receivedBroadcastMessage: handler for
  remote-settings/monitor_changes
  threw error:
  Message: Error: Polling for changes failed: http://%(server)s/dummy/blocklist//buckets/monitor/collections/changes/records?_expected=%221565109350441%22 is not a valid URL..
  Stack:
    remoteSettingsFunction/remoteSettings.pollChanges@resource://services-settings/remote-settings.js:201:13

1565115345444	mozrunner::runner	INFO	Running command: "/Applications/Firefox.app/Contents/MacOS/firefox-bin" "-marionette" "-foreground" "-no-remote" "-profile" "/var/folders/wl/t9dwvtn56d5f37ng1sz3xyr40000gn/T/rust_mozprofile.csoHOwmlrh1C"
1565115345977	addons.webextension.screenshots@mozilla.org	WARN	Loading extension 'screenshots@mozilla.org': Reading manifest: Invalid extension permission: mozillaAddons
1565115345977	addons.webextension.screenshots@mozilla.org	WARN	Loading extension 'screenshots@mozilla.org': Reading manifest: Invalid extension permission: telemetry
1565115345977	addons.webextension.screenshots@mozilla.org	WARN	Loading extension 'screenshots@mozilla.org': Reading manifest: Invalid extension permission: resource://pdf.js/
1565115345977	addons.webextension.screenshots@mozilla.org	WARN	Loading extension 'screenshots@mozilla.org': Reading manifest: Invalid extension permission: about:reader*
1565115347743	Marionette	INFO	Listening on port 60547
1565115347835	Marionette	WARN	TLS certificate errors will be ignored for this session
1565115510481	mozrunner::runner	INFO	Running command: "/Applications/Firefox.app/Contents/MacOS/firefox-bin" "-marionette" "-foreground" "-no-remote" "-profile" "/var/folders/wl/t9dwvtn56d5f37ng1sz3xyr40000gn/T/rust_mozprofile.vf284VKmn2qa"
1565115511087	addons.webextension.screenshots@mozilla.org	WARN	Loading extension 'screenshots@mozilla.org': Reading manifest: Invalid extension permission: mozillaAddons
1565115511087	addons.webextension.screenshots@mozilla.org	WARN	Loading extension 'screenshots@mozilla.org': Reading manifest: Invalid extension permission: telemetry
1565115511087	addons.webextension.screenshots@mozilla.org	WARN	Loading extension 'screenshots@mozilla.org': Reading manifest: Invalid extension permission: resource://pdf.js/
1565115511087	addons.webextension.screenshots@mozilla.org	WARN	Loading extension 'screenshots@mozilla.org': Reading manifest: Invalid extension permission: about:reader*
1565115512891	Marionette	INFO	Listening on port 60615
1565115512963	Marionette	WARN	TLS certificate errors will be ignored for this session
1565115525914	mozrunner::runner	INFO	Running command: "/Applications/Firefox.app/Contents/MacOS/firefox-bin" "-marionette" "-foreground" "-no-remote" "-profile" "/var/folders/wl/t9dwvtn56d5f37ng1sz3xyr40000gn/T/rust_mozprofile.Z8hAnIUIaTc0"
1565115526468	addons.webextension.screenshots@mozilla.org	WARN	Loading extension 'screenshots@mozilla.org': Reading manifest: Invalid extension permission: mozillaAddons
1565115526468	addons.webextension.screenshots@mozilla.org	WARN	Loading extension 'screenshots@mozilla.org': Reading manifest: Invalid extension permission: telemetry
1565115526469	addons.webextension.screenshots@mozilla.org	WARN	Loading extension 'screenshots@mozilla.org': Reading manifest: Invalid extension permission: resource://pdf.js/
1565115526469	addons.webextension.screenshots@mozilla.org	WARN	Loading extension 'screenshots@mozilla.org': Reading manifest: Invalid extension permission: about:reader*
1565115528144	Marionette	INFO	Listening on port 60676
1565115528203	Marionette	WARN	TLS certificate errors will be ignored for this session
console.error: BroadcastService: 
  receivedBroadcastMessage: handler for
  remote-settings/monitor_changes
  threw error:
  Message: Error: Polling for changes failed: http://%(server)s/dummy/blocklist//buckets/monitor/collections/changes/records?_expected=%221565109350441%22 is not a valid URL..
  Stack:
    remoteSettingsFunction/remoteSettings.pollChanges@resource://services-settings/remote-settings.js:201:13

console.error: BroadcastService: 
  receivedBroadcastMessage: handler for
  remote-settings/monitor_changes
  threw error:
  Message: Error: Polling for changes failed: http://%(server)s/dummy/blocklist//buckets/monitor/collections/changes/records?_expected=%221565109350441%22 is not a valid URL..
  Stack:
    remoteSettingsFunction/remoteSettings.pollChanges@resource://services-settings/remote-settings.js:201:13

1565115546819	Marionette	INFO	Stopped listening on port 60676
1565115549530	Marionette	INFO	Stopped listening on port 60615
1565115552591	Marionette	INFO	Stopped listening on port 60547
1565115555316	Marionette	INFO	Stopped listening on port 60454
1565115709633	mozrunner::runner	INFO	Running command: "/Applications/Firefox.app/Contents/MacOS/firefox-bin" "-marionette" "-foreground" "-no-remote" "-profile" "/var/folders/wl/t9dwvtn56d5f37ng1sz3xyr40000gn/T/rust_mozprofile.byj6HBTn4efz"
1565115710127	addons.webextension.screenshots@mozilla.org	WARN	Loading extension 'screenshots@mozilla.org': Reading manifest: Invalid extension permission: mozillaAddons
1565115710127	addons.webextension.screenshots@mozilla.org	WARN	Loading extension 'screenshots@mozilla.org': Reading manifest: Invalid extension permission: telemetry
1565115710127	addons.webextension.screenshots@mozilla.org	WARN	Loading extension 'screenshots@mozilla.org': Reading manifest: Invalid extension permission: resource://pdf.js/
1565115710128	addons.webextension.screenshots@mozilla.org	WARN	Loading extension 'screenshots@mozilla.org': Reading manifest: Invalid extension permission: about:reader*
1565115711724	Marionette	INFO	Listening on port 60743
1565115711823	Marionette	WARN	TLS certificate errors will be ignored for this session
1565115721589	mozrunner::runner	INFO	Running command: "/Applications/Firefox.app/Contents/MacOS/firefox-bin" "-marionette" "-foreground" "-no-remote" "-profile" "/var/folders/wl/t9dwvtn56d5f37ng1sz3xyr40000gn/T/rust_mozprofile.3HZ4mwsrUww5"
1565115722052	addons.webextension.screenshots@mozilla.org	WARN	Loading extension 'screenshots@mozilla.org': Reading manifest: Invalid extension permission: mozillaAddons
1565115722053	addons.webextension.screenshots@mozilla.org	WARN	Loading extension 'screenshots@mozilla.org': Reading manifest: Invalid extension permission: telemetry
1565115722053	addons.webextension.screenshots@mozilla.org	WARN	Loading extension 'screenshots@mozilla.org': Reading manifest: Invalid extension permission: resource://pdf.js/
1565115722053	addons.webextension.screenshots@mozilla.org	WARN	Loading extension 'screenshots@mozilla.org': Reading manifest: Invalid extension permission: about:reader*
1565115723564	Marionette	INFO	Listening on port 60802
1565115723663	Marionette	WARN	TLS certificate errors will be ignored for this session
console.error: BroadcastService: 
  receivedBroadcastMessage: handler for
  remote-settings/monitor_changes
  threw error:
  Message: Error: Polling for changes failed: http://%(server)s/dummy/blocklist//buckets/monitor/collections/changes/records?_expected=%221565109350441%22 is not a valid URL..
  Stack:
    remoteSettingsFunction/remoteSettings.pollChanges@resource://services-settings/remote-settings.js:201:13

1565115733526	mozrunner::runner	INFO	Running command: "/Applications/Firefox.app/Contents/MacOS/firefox-bin" "-marionette" "-foreground" "-no-remote" "-profile" "/var/folders/wl/t9dwvtn56d5f37ng1sz3xyr40000gn/T/rust_mozprofile.3ezo2JK01kI6"
1565115733992	addons.webextension.screenshots@mozilla.org	WARN	Loading extension 'screenshots@mozilla.org': Reading manifest: Invalid extension permission: mozillaAddons
1565115733992	addons.webextension.screenshots@mozilla.org	WARN	Loading extension 'screenshots@mozilla.org': Reading manifest: Invalid extension permission: telemetry
1565115733992	addons.webextension.screenshots@mozilla.org	WARN	Loading extension 'screenshots@mozilla.org': Reading manifest: Invalid extension permission: resource://pdf.js/
1565115733992	addons.webextension.screenshots@mozilla.org	WARN	Loading extension 'screenshots@mozilla.org': Reading manifest: Invalid extension permission: about:reader*
1565115735577	Marionette	INFO	Listening on port 60861
1565115735626	Marionette	WARN	TLS certificate errors will be ignored for this session
console.error: BroadcastService: 
  receivedBroadcastMessage: handler for
  remote-settings/monitor_changes
  threw error:
  Message: Error: Polling for changes failed: http://%(server)s/dummy/blocklist//buckets/monitor/collections/changes/records?_expected=%221565109350441%22 is not a valid URL..
  Stack:
    remoteSettingsFunction/remoteSettings.pollChanges@resource://services-settings/remote-settings.js:201:13

1565115812769	Marionette	INFO	Stopped listening on port 60861
1565115815772	Marionette	INFO	Stopped listening on port 60802
1565115818283	Marionette	INFO	Stopped listening on port 60743
1565115933332	mozrunner::runner	INFO	Running command: "/Applications/Firefox.app/Contents/MacOS/firefox-bin" "-marionette" "-foreground" "-no-remote" "-profile" "/var/folders/wl/t9dwvtn56d5f37ng1sz3xyr40000gn/T/rust_mozprofile.hnfKIw0ZOoX7"
1565115933797	addons.webextension.screenshots@mozilla.org	WARN	Loading extension 'screenshots@mozilla.org': Reading manifest: Invalid extension permission: mozillaAddons
1565115933797	addons.webextension.screenshots@mozilla.org	WARN	Loading extension 'screenshots@mozilla.org': Reading manifest: Invalid extension permission: telemetry
1565115933797	addons.webextension.screenshots@mozilla.org	WARN	Loading extension 'screenshots@mozilla.org': Reading manifest: Invalid extension permission: resource://pdf.js/
1565115933797	addons.webextension.screenshots@mozilla.org	WARN	Loading extension 'screenshots@mozilla.org': Reading manifest: Invalid extension permission: about:reader*
1565115935552	Marionette	INFO	Listening on port 60928
1565115935608	Marionette	WARN	TLS certificate errors will be ignored for this session
1565115953271	Marionette	INFO	Stopped listening on port 60928
1565116093386	mozrunner::runner	INFO	Running command: "/Applications/Firefox.app/Contents/MacOS/firefox-bin" "-marionette" "-foreground" "-no-remote" "-profile" "/var/folders/wl/t9dwvtn56d5f37ng1sz3xyr40000gn/T/rust_mozprofile.aRuTFgo8Fj0l"
1565116093893	addons.webextension.screenshots@mozilla.org	WARN	Loading extension 'screenshots@mozilla.org': Reading manifest: Invalid extension permission: mozillaAddons
1565116093894	addons.webextension.screenshots@mozilla.org	WARN	Loading extension 'screenshots@mozilla.org': Reading manifest: Invalid extension permission: telemetry
1565116093894	addons.webextension.screenshots@mozilla.org	WARN	Loading extension 'screenshots@mozilla.org': Reading manifest: Invalid extension permission: resource://pdf.js/
1565116093894	addons.webextension.screenshots@mozilla.org	WARN	Loading extension 'screenshots@mozilla.org': Reading manifest: Invalid extension permission: about:reader*
1565116095566	Marionette	INFO	Listening on port 60994
1565116095572	Marionette	WARN	TLS certificate errors will be ignored for this session
console.error: BroadcastService: 
  receivedBroadcastMessage: handler for
  remote-settings/monitor_changes
  threw error:
  Message: Error: Polling for changes failed: http://%(server)s/dummy/blocklist//buckets/monitor/collections/changes/records?_expected=%221565109350441%22 is not a valid URL..
  Stack:
    remoteSettingsFunction/remoteSettings.pollChanges@resource://services-settings/remote-settings.js:201:13

1565116239274	mozrunner::runner	INFO	Running command: "/Applications/Firefox.app/Contents/MacOS/firefox-bin" "-marionette" "-foreground" "-no-remote" "-profile" "/var/folders/wl/t9dwvtn56d5f37ng1sz3xyr40000gn/T/rust_mozprofile.XBuntazsrJvc"
1565116239772	addons.webextension.screenshots@mozilla.org	WARN	Loading extension 'screenshots@mozilla.org': Reading manifest: Invalid extension permission: mozillaAddons
1565116239772	addons.webextension.screenshots@mozilla.org	WARN	Loading extension 'screenshots@mozilla.org': Reading manifest: Invalid extension permission: telemetry
1565116239772	addons.webextension.screenshots@mozilla.org	WARN	Loading extension 'screenshots@mozilla.org': Reading manifest: Invalid extension permission: resource://pdf.js/
1565116239772	addons.webextension.screenshots@mozilla.org	WARN	Loading extension 'screenshots@mozilla.org': Reading manifest: Invalid extension permission: about:reader*
1565116241476	Marionette	INFO	Listening on port 61069
1565116241564	Marionette	WARN	TLS certificate errors will be ignored for this session
1565116264047	Marionette	INFO	Stopped listening on port 61069
1565116267392	Marionette	INFO	Stopped listening on port 60994
1565116275427	mozrunner::runner	INFO	Running command: "/Applications/Firefox.app/Contents/MacOS/firefox-bin" "-marionette" "-foreground" "-no-remote" "-profile" "/var/folders/wl/t9dwvtn56d5f37ng1sz3xyr40000gn/T/rust_mozprofile.WxO5PYYh9nhl"
1565116275914	addons.webextension.screenshots@mozilla.org	WARN	Loading extension 'screenshots@mozilla.org': Reading manifest: Invalid extension permission: mozillaAddons
1565116275914	addons.webextension.screenshots@mozilla.org	WARN	Loading extension 'screenshots@mozilla.org': Reading manifest: Invalid extension permission: telemetry
1565116275914	addons.webextension.screenshots@mozilla.org	WARN	Loading extension 'screenshots@mozilla.org': Reading manifest: Invalid extension permission: resource://pdf.js/
1565116275914	addons.webextension.screenshots@mozilla.org	WARN	Loading extension 'screenshots@mozilla.org': Reading manifest: Invalid extension permission: about:reader*
1565116277598	Marionette	INFO	Listening on port 61130
1565116277613	Marionette	WARN	TLS certificate errors will be ignored for this session
console.error: BroadcastService: 
  receivedBroadcastMessage: handler for
  remote-settings/monitor_changes
  threw error:
  Message: Error: Polling for changes failed: http://%(server)s/dummy/blocklist//buckets/monitor/collections/changes/records?_expected=%221565109350441%22 is not a valid URL..
  Stack:
    remoteSettingsFunction/remoteSettings.pollChanges@resource://services-settings/remote-settings.js:201:13

1565116684134	mozrunner::runner	INFO	Running command: "/Applications/Firefox.app/Contents/MacOS/firefox-bin" "-marionette" "-foreground" "-no-remote" "-profile" "/var/folders/wl/t9dwvtn56d5f37ng1sz3xyr40000gn/T/rust_mozprofile.6esDoES8Uxer"
1565116684658	addons.webextension.screenshots@mozilla.org	WARN	Loading extension 'screenshots@mozilla.org': Reading manifest: Invalid extension permission: mozillaAddons
1565116684659	addons.webextension.screenshots@mozilla.org	WARN	Loading extension 'screenshots@mozilla.org': Reading manifest: Invalid extension permission: telemetry
1565116684659	addons.webextension.screenshots@mozilla.org	WARN	Loading extension 'screenshots@mozilla.org': Reading manifest: Invalid extension permission: resource://pdf.js/
1565116684659	addons.webextension.screenshots@mozilla.org	WARN	Loading extension 'screenshots@mozilla.org': Reading manifest: Invalid extension permission: about:reader*
1565116686396	Marionette	INFO	Listening on port 61203
1565116686421	Marionette	WARN	TLS certificate errors will be ignored for this session
1565116711224	mozrunner::runner	INFO	Running command: "/Applications/Firefox.app/Contents/MacOS/firefox-bin" "-marionette" "-foreground" "-no-remote" "-profile" "/var/folders/wl/t9dwvtn56d5f37ng1sz3xyr40000gn/T/rust_mozprofile.On1qumwYEKxp"
1565116711695	addons.webextension.screenshots@mozilla.org	WARN	Loading extension 'screenshots@mozilla.org': Reading manifest: Invalid extension permission: mozillaAddons
1565116711695	addons.webextension.screenshots@mozilla.org	WARN	Loading extension 'screenshots@mozilla.org': Reading manifest: Invalid extension permission: telemetry
1565116711695	addons.webextension.screenshots@mozilla.org	WARN	Loading extension 'screenshots@mozilla.org': Reading manifest: Invalid extension permission: resource://pdf.js/
1565116711695	addons.webextension.screenshots@mozilla.org	WARN	Loading extension 'screenshots@mozilla.org': Reading manifest: Invalid extension permission: about:reader*
1565116713403	Marionette	INFO	Listening on port 61269
1565116713412	Marionette	WARN	TLS certificate errors will be ignored for this session
1565116749503	mozrunner::runner	INFO	Running command: "/Applications/Firefox.app/Contents/MacOS/firefox-bin" "-marionette" "-foreground" "-no-remote" "-profile" "/var/folders/wl/t9dwvtn56d5f37ng1sz3xyr40000gn/T/rust_mozprofile.9T3p9LpUaOny"
1565116749970	addons.webextension.screenshots@mozilla.org	WARN	Loading extension 'screenshots@mozilla.org': Reading manifest: Invalid extension permission: mozillaAddons
1565116749970	addons.webextension.screenshots@mozilla.org	WARN	Loading extension 'screenshots@mozilla.org': Reading manifest: Invalid extension permission: telemetry
1565116749970	addons.webextension.screenshots@mozilla.org	WARN	Loading extension 'screenshots@mozilla.org': Reading manifest: Invalid extension permission: resource://pdf.js/
1565116749970	addons.webextension.screenshots@mozilla.org	WARN	Loading extension 'screenshots@mozilla.org': Reading manifest: Invalid extension permission: about:reader*
1565116751865	Marionette	INFO	Listening on port 61332
1565116751896	Marionette	WARN	TLS certificate errors will be ignored for this session
1565116787297	Marionette	INFO	Stopped listening on port 61332
1565116790223	Marionette	INFO	Stopped listening on port 61269
1565116792611	Marionette	INFO	Stopped listening on port 61203
1565116795421	Marionette	INFO	Stopped listening on port 61130
console.warn: "Error while detaching the thread front: 'detach' request packet to 'server1.conn0.child1/context18' can't be sent as the connection is closed."
1565116798557	Marionette	INFO	Stopped listening on port 60381
1565117147826	mozrunner::runner	INFO	Running command: "/Applications/Firefox.app/Contents/MacOS/firefox-bin" "-marionette" "-foreground" "-no-remote" "-profile" "/var/folders/wl/t9dwvtn56d5f37ng1sz3xyr40000gn/T/rust_mozprofile.4v40zPdPLr4u"
1565117148278	addons.webextension.screenshots@mozilla.org	WARN	Loading extension 'screenshots@mozilla.org': Reading manifest: Invalid extension permission: mozillaAddons
1565117148278	addons.webextension.screenshots@mozilla.org	WARN	Loading extension 'screenshots@mozilla.org': Reading manifest: Invalid extension permission: telemetry
1565117148279	addons.webextension.screenshots@mozilla.org	WARN	Loading extension 'screenshots@mozilla.org': Reading manifest: Invalid extension permission: resource://pdf.js/
1565117148279	addons.webextension.screenshots@mozilla.org	WARN	Loading extension 'screenshots@mozilla.org': Reading manifest: Invalid extension permission: about:reader*
1565117149938	Marionette	INFO	Listening on port 61406
1565117150001	Marionette	WARN	TLS certificate errors will be ignored for this session
1565117170189	Marionette	INFO	Stopped listening on port 61406
1565117172306	mozrunner::runner	INFO	Running command: "/Applications/Firefox.app/Contents/MacOS/firefox-bin" "-marionette" "-foreground" "-no-remote" "-profile" "/var/folders/wl/t9dwvtn56d5f37ng1sz3xyr40000gn/T/rust_mozprofile.7HXvTdDBbSU0"
1565117172726	addons.webextension.screenshots@mozilla.org	WARN	Loading extension 'screenshots@mozilla.org': Reading manifest: Invalid extension permission: mozillaAddons
1565117172727	addons.webextension.screenshots@mozilla.org	WARN	Loading extension 'screenshots@mozilla.org': Reading manifest: Invalid extension permission: telemetry
1565117172727	addons.webextension.screenshots@mozilla.org	WARN	Loading extension 'screenshots@mozilla.org': Reading manifest: Invalid extension permission: resource://pdf.js/
1565117172727	addons.webextension.screenshots@mozilla.org	WARN	Loading extension 'screenshots@mozilla.org': Reading manifest: Invalid extension permission: about:reader*
1565117174349	Marionette	INFO	Listening on port 61464
1565117174383	Marionette	WARN	TLS certificate errors will be ignored for this session
1565117653603	mozrunner::runner	INFO	Running command: "/Applications/Firefox.app/Contents/MacOS/firefox-bin" "-marionette" "-foreground" "-no-remote" "-profile" "/var/folders/wl/t9dwvtn56d5f37ng1sz3xyr40000gn/T/rust_mozprofile.gjt1uaaj8qx7"
1565117654105	addons.webextension.screenshots@mozilla.org	WARN	Loading extension 'screenshots@mozilla.org': Reading manifest: Invalid extension permission: mozillaAddons
1565117654105	addons.webextension.screenshots@mozilla.org	WARN	Loading extension 'screenshots@mozilla.org': Reading manifest: Invalid extension permission: telemetry
1565117654105	addons.webextension.screenshots@mozilla.org	WARN	Loading extension 'screenshots@mozilla.org': Reading manifest: Invalid extension permission: resource://pdf.js/
1565117654105	addons.webextension.screenshots@mozilla.org	WARN	Loading extension 'screenshots@mozilla.org': Reading manifest: Invalid extension permission: about:reader*
1565117655868	Marionette	INFO	Listening on port 61542
1565117655889	Marionette	WARN	TLS certificate errors will be ignored for this session
1565117673647	mozrunner::runner	INFO	Running command: "/Applications/Firefox.app/Contents/MacOS/firefox-bin" "-marionette" "-foreground" "-no-remote" "-profile" "/var/folders/wl/t9dwvtn56d5f37ng1sz3xyr40000gn/T/rust_mozprofile.mSLHJ2O13bGj"
1565117674106	addons.webextension.screenshots@mozilla.org	WARN	Loading extension 'screenshots@mozilla.org': Reading manifest: Invalid extension permission: mozillaAddons
1565117674106	addons.webextension.screenshots@mozilla.org	WARN	Loading extension 'screenshots@mozilla.org': Reading manifest: Invalid extension permission: telemetry
1565117674106	addons.webextension.screenshots@mozilla.org	WARN	Loading extension 'screenshots@mozilla.org': Reading manifest: Invalid extension permission: resource://pdf.js/
1565117674106	addons.webextension.screenshots@mozilla.org	WARN	Loading extension 'screenshots@mozilla.org': Reading manifest: Invalid extension permission: about:reader*
1565117675715	Marionette	INFO	Listening on port 61603
1565117675730	Marionette	WARN	TLS certificate errors will be ignored for this session
1565117688691	Marionette	INFO	Stopped listening on port 61464
1565117691303	Marionette	INFO	Stopped listening on port 60300
console.error: BroadcastService: 
  receivedBroadcastMessage: handler for
  remote-settings/monitor_changes
  threw error:
  Message: Error: Polling for changes failed: http://%(server)s/dummy/blocklist//buckets/monitor/collections/changes/records?_expected=%221565116793900%22 is not a valid URL..
  Stack:
    remoteSettingsFunction/remoteSettings.pollChanges@resource://services-settings/remote-settings.js:201:13

console.error: BroadcastService: 
  receivedBroadcastMessage: handler for
  remote-settings/monitor_changes
  threw error:
  Message: Error: Polling for changes failed: http://%(server)s/dummy/blocklist//buckets/monitor/collections/changes/records?_expected=%221565116793900%22 is not a valid URL..
  Stack:
    remoteSettingsFunction/remoteSettings.pollChanges@resource://services-settings/remote-settings.js:201:13

1565117834219	mozrunner::runner	INFO	Running command: "/Applications/Firefox.app/Contents/MacOS/firefox-bin" "-marionette" "-foreground" "-no-remote" "-profile" "/var/folders/wl/t9dwvtn56d5f37ng1sz3xyr40000gn/T/rust_mozprofile.zBA4FSj3ilws"
1565117834720	addons.webextension.screenshots@mozilla.org	WARN	Loading extension 'screenshots@mozilla.org': Reading manifest: Invalid extension permission: mozillaAddons
1565117834720	addons.webextension.screenshots@mozilla.org	WARN	Loading extension 'screenshots@mozilla.org': Reading manifest: Invalid extension permission: telemetry
1565117834720	addons.webextension.screenshots@mozilla.org	WARN	Loading extension 'screenshots@mozilla.org': Reading manifest: Invalid extension permission: resource://pdf.js/
1565117834720	addons.webextension.screenshots@mozilla.org	WARN	Loading extension 'screenshots@mozilla.org': Reading manifest: Invalid extension permission: about:reader*
1565117836513	Marionette	INFO	Listening on port 61674
1565117836607	Marionette	WARN	TLS certificate errors will be ignored for this session
1565117951384	mozrunner::runner	INFO	Running command: "/Applications/Firefox.app/Contents/MacOS/firefox-bin" "-marionette" "-foreground" "-no-remote" "-profile" "/var/folders/wl/t9dwvtn56d5f37ng1sz3xyr40000gn/T/rust_mozprofile.qSx2IZgqwuiQ"
1565117951940	addons.webextension.screenshots@mozilla.org	WARN	Loading extension 'screenshots@mozilla.org': Reading manifest: Invalid extension permission: mozillaAddons
1565117951940	addons.webextension.screenshots@mozilla.org	WARN	Loading extension 'screenshots@mozilla.org': Reading manifest: Invalid extension permission: telemetry
1565117951940	addons.webextension.screenshots@mozilla.org	WARN	Loading extension 'screenshots@mozilla.org': Reading manifest: Invalid extension permission: resource://pdf.js/
1565117951940	addons.webextension.screenshots@mozilla.org	WARN	Loading extension 'screenshots@mozilla.org': Reading manifest: Invalid extension permission: about:reader*
1565117953686	Marionette	INFO	Listening on port 61741
1565117953784	Marionette	WARN	TLS certificate errors will be ignored for this session
1565117973140	Marionette	INFO	Stopped listening on port 61741
1565117976765	Marionette	INFO	Stopped listening on port 61674
1565117980720	Marionette	INFO	Stopped listening on port 61603
1565172935016	Marionette	INFO	Stopped listening on port 61542
1565174960921	mozrunner::runner	INFO	Running command: "/Applications/Firefox.app/Contents/MacOS/firefox-bin" "-marionette" "-foreground" "-no-remote" "-profile" "/var/folders/wl/t9dwvtn56d5f37ng1sz3xyr40000gn/T/rust_mozprofile.kYVMSmHy3CLa"
1565174961685	addons.webextension.screenshots@mozilla.org	WARN	Loading extension 'screenshots@mozilla.org': Reading manifest: Invalid extension permission: mozillaAddons
1565174961685	addons.webextension.screenshots@mozilla.org	WARN	Loading extension 'screenshots@mozilla.org': Reading manifest: Invalid extension permission: telemetry
1565174961685	addons.webextension.screenshots@mozilla.org	WARN	Loading extension 'screenshots@mozilla.org': Reading manifest: Invalid extension permission: resource://pdf.js/
1565174961685	addons.webextension.screenshots@mozilla.org	WARN	Loading extension 'screenshots@mozilla.org': Reading manifest: Invalid extension permission: about:reader*
1565174963933	Marionette	INFO	Listening on port 64096
1565174964034	Marionette	WARN	TLS certificate errors will be ignored for this session
Exiting due to channel error.
Exiting due to channel error.
[GFX1-]: Receive IPC close with reason=AbnormalShutdown
Exiting due to channel error.
1565179501218	mozrunner::runner	INFO	Running command: "/Applications/Firefox.app/Contents/MacOS/firefox-bin" "-marionette" "-foreground" "-no-remote" "-profile" "/var/folders/wl/t9dwvtn56d5f37ng1sz3xyr40000gn/T/rust_mozprofile.w6EJTdDaTuKA"
1565179501884	addons.webextension.screenshots@mozilla.org	WARN	Loading extension 'screenshots@mozilla.org': Reading manifest: Invalid extension permission: mozillaAddons
1565179501884	addons.webextension.screenshots@mozilla.org	WARN	Loading extension 'screenshots@mozilla.org': Reading manifest: Invalid extension permission: telemetry
1565179501885	addons.webextension.screenshots@mozilla.org	WARN	Loading extension 'screenshots@mozilla.org': Reading manifest: Invalid extension permission: resource://pdf.js/
1565179501885	addons.webextension.screenshots@mozilla.org	WARN	Loading extension 'screenshots@mozilla.org': Reading manifest: Invalid extension permission: about:reader*
1565179503948	Marionette	INFO	Listening on port 53526
1565179504027	Marionette	WARN	TLS certificate errors will be ignored for this session
1565179515186	mozrunner::runner	INFO	Running command: "/Applications/Firefox.app/Contents/MacOS/firefox-bin" "-marionette" "-foreground" "-no-remote" "-profile" "/var/folders/wl/t9dwvtn56d5f37ng1sz3xyr40000gn/T/rust_mozprofile.RADhp7J33qOR"
1565179515654	addons.webextension.screenshots@mozilla.org	WARN	Loading extension 'screenshots@mozilla.org': Reading manifest: Invalid extension permission: mozillaAddons
1565179515654	addons.webextension.screenshots@mozilla.org	WARN	Loading extension 'screenshots@mozilla.org': Reading manifest: Invalid extension permission: telemetry
1565179515654	addons.webextension.screenshots@mozilla.org	WARN	Loading extension 'screenshots@mozilla.org': Reading manifest: Invalid extension permission: resource://pdf.js/
1565179515654	addons.webextension.screenshots@mozilla.org	WARN	Loading extension 'screenshots@mozilla.org': Reading manifest: Invalid extension permission: about:reader*
1565179517420	Marionette	INFO	Listening on port 53646
1565179517461	Marionette	WARN	TLS certificate errors will be ignored for this session
JavaScript error: chrome://marionette/content/proxy.js, line 275: NS_ERROR_ILLEGAL_VALUE
1565179539778	Marionette	INFO	Stopped listening on port 53526
1565179545255	Marionette	INFO	Stopped listening on port 53646
1565180290900	mozrunner::runner	INFO	Running command: "/Applications/Firefox.app/Contents/MacOS/firefox-bin" "-marionette" "-foreground" "-no-remote" "-profile" "/var/folders/wl/t9dwvtn56d5f37ng1sz3xyr40000gn/T/rust_mozprofile.Erge4q25Wf9w"
1565180291412	addons.webextension.screenshots@mozilla.org	WARN	Loading extension 'screenshots@mozilla.org': Reading manifest: Invalid extension permission: mozillaAddons
1565180291412	addons.webextension.screenshots@mozilla.org	WARN	Loading extension 'screenshots@mozilla.org': Reading manifest: Invalid extension permission: telemetry
1565180291412	addons.webextension.screenshots@mozilla.org	WARN	Loading extension 'screenshots@mozilla.org': Reading manifest: Invalid extension permission: resource://pdf.js/
1565180291412	addons.webextension.screenshots@mozilla.org	WARN	Loading extension 'screenshots@mozilla.org': Reading manifest: Invalid extension permission: about:reader*
1565180293228	Marionette	INFO	Listening on port 56848
1565180293287	Marionette	WARN	TLS certificate errors will be ignored for this session
1565180303812	mozrunner::runner	INFO	Running command: "/Applications/Firefox.app/Contents/MacOS/firefox-bin" "-marionette" "-foreground" "-no-remote" "-profile" "/var/folders/wl/t9dwvtn56d5f37ng1sz3xyr40000gn/T/rust_mozprofile.yVPqTKKrKbIE"
1565180304316	addons.webextension.screenshots@mozilla.org	WARN	Loading extension 'screenshots@mozilla.org': Reading manifest: Invalid extension permission: mozillaAddons
1565180304317	addons.webextension.screenshots@mozilla.org	WARN	Loading extension 'screenshots@mozilla.org': Reading manifest: Invalid extension permission: telemetry
1565180304317	addons.webextension.screenshots@mozilla.org	WARN	Loading extension 'screenshots@mozilla.org': Reading manifest: Invalid extension permission: resource://pdf.js/
1565180304317	addons.webextension.screenshots@mozilla.org	WARN	Loading extension 'screenshots@mozilla.org': Reading manifest: Invalid extension permission: about:reader*
1565180305926	Marionette	INFO	Listening on port 56959
1565180305997	Marionette	WARN	TLS certificate errors will be ignored for this session
1565180316511	Marionette	INFO	Stopped listening on port 56959
1565180329736	Marionette	INFO	Stopped listening on port 56848
